<?xml version="1.0" encoding="UTF-8"?>
<!-- Generated by org.testng.reporters.JUnitReportReporter -->
<testsuite hostname="DESKTOP-6VDJBIQ" failures="0" tests="1" name="uk.co.automationtesting.AddRemoveItemBasketTest" time="25.214" errors="0" timestamp="2023-02-07T20:37:41 CET" skipped="0">
  <testcase classname="uk.co.automationtesting.AddRemoveItemBasketTest" name="addRemoveItem" time="25.214"/>
  <system-out/>
</testsuite> <!-- uk.co.automationtesting.AddRemoveItemBasketTest -->
