<?xml version="1.0" encoding="UTF-8"?>
<!-- Generated by org.testng.reporters.JUnitReportReporter -->
<testsuite hostname="DESKTOP-6VDJBIQ" failures="0" tests="1" name="uk.co.automationtesting.OrderCompleteTest" time="43.561" errors="0" timestamp="2023-02-07T20:37:40 CET" skipped="0">
  <testcase classname="uk.co.automationtesting.OrderCompleteTest" name="endToEndTest" time="43.561"/>
  <system-out/>
</testsuite> <!-- uk.co.automationtesting.OrderCompleteTest -->
